{
  "RSpec": {
    "coverage": {
      "/Users/iD/Projects/Makers/Week8/acebook-byte4/spec/controllers/comments_controller_spec.rb": [
        1,
        null,
        1,
        null,
        null
      ],
      "/Users/iD/Projects/Makers/Week8/acebook-byte4/spec/rails_helper.rb": [
        null,
        1,
        1,
        null,
        1,
        1,
        1,
        1,
        null,
        null,
        null,
        null,
        null,
        null,
        null,
        null,
        null,
        null,
        null,
        null,
        null,
        null,
        null,
        null,
        null,
        null,
        null,
        1,
        null,
        1,
        1,
        15,
        15,
        15,
        15,
        null,
        null,
        1,
        3,
        3,
        3,
        null,
        null,
        null,
        1,
        1,
        1,
        null,
        null,
        1,
        null,
        null,
        null,
        null,
        1,
        null,
        null,
        null,
        null,
        null,
        null,
        null,
        null,
        null,
        null,
        null,
        null,
        null,
        null,
        1,
        null,
        null,
        1,
        null,
        null,
        1,
        null
      ],
      "/Users/iD/Projects/Makers/Week8/acebook-byte4/config/environment.rb": [
        null,
        1,
        null,
        null,
        1
      ],
      "/Users/iD/Projects/Makers/Week8/acebook-byte4/config/application.rb": [
        1,
        null,
        1,
        null,
        null,
        null,
        1,
        null,
        1,
        1,
        null,
        1,
        1,
        1,
        null,
        null,
        null,
        null,
        null,
        null
      ],
      "/Users/iD/Projects/Makers/Week8/acebook-byte4/config/boot.rb": [
        1,
        null,
        1
      ],
      "/Users/iD/Projects/Makers/Week8/acebook-byte4/config/environments/test.rb": [
        1,
        null,
        null,
        null,
        null,
        null,
        null,
        1,
        null,
        null,
        null,
        null,
        1,
        null,
        null,
        1,
        1,
        null,
        null,
        null,
        null,
        1,
        1,
        null,
        null,
        1,
        null,
        null,
        1,
        1,
        null,
        null,
        null,
        null,
        1,
        null,
        null,
        1,
        null,
        null,
        null,
        null
      ],
      "/Users/iD/Projects/Makers/Week8/acebook-byte4/config/initializers/application_controller_renderer.rb": [
        null,
        null,
        null,
        null,
        null,
        null
      ],
      "/Users/iD/Projects/Makers/Week8/acebook-byte4/config/initializers/assets.rb": [
        null,
        null,
        null,
        1,
        null,
        null,
        null,
        null,
        1,
        null,
        null,
        null,
        null,
        null
      ],
      "/Users/iD/Projects/Makers/Week8/acebook-byte4/config/initializers/backtrace_silencers.rb": [
        null,
        null,
        null,
        null,
        null,
        null,
        null
      ],
      "/Users/iD/Projects/Makers/Week8/acebook-byte4/config/initializers/cookies_serializer.rb": [
        null,
        null,
        null,
        null,
        1
      ],
      "/Users/iD/Projects/Makers/Week8/acebook-byte4/config/initializers/devise.rb": [
        null,
        null,
        null,
        null,
        1,
        null,
        null,
        null,
        null,
        null,
        null,
        null,
        null,
        null,
        null,
        null,
        null,
        null,
        null,
        null,
        1,
        null,
        null,
        null,
        null,
        null,
        null,
        null,
        null,
        null,
        null,
        null,
        1,
        null,
        null,
        null,
        null,
        null,
        null,
        null,
        null,
        null,
        null,
        null,
        null,
        null,
        null,
        null,
        null,
        null,
        null,
        null,
        null,
        null,
        1,
        null,
        null,
        null,
        null,
        1,
        null,
        null,
        null,
        null,
        null,
        null,
        null,
        null,
        null,
        null,
        null,
        null,
        null,
        null,
        null,
        null,
        null,
        null,
        null,
        null,
        null,
        null,
        null,
        null,
        null,
        null,
        null,
        null,
        null,
        null,
        1,
        null,
        null,
        null,
        null,
        null,
        null,
        null,
        null,
        null,
        null,
        null,
        null,
        null,
        null,
        null,
        null,
        null,
        null,
        null,
        null,
        null,
        null,
        1,
        null,
        null,
        null,
        null,
        null,
        null,
        null,
        null,
        null,
        null,
        null,
        null,
        null,
        null,
        null,
        null,
        null,
        null,
        null,
        null,
        null,
        null,
        null,
        null,
        null,
        null,
        null,
        null,
        null,
        null,
        1,
        null,
        null,
        null,
        null,
        null,
        null,
        null,
        null,
        null,
        1,
        null,
        null,
        null,
        null,
        null,
        null,
        null,
        null,
        null,
        null,
        1,
        null,
        null,
        null,
        null,
        1,
        null,
        null,
        null,
        null,
        null,
        null,
        null,
        null,
        null,
        null,
        null,
        null,
        null,
        null,
        null,
        null,
        null,
        null,
        null,
        null,
        null,
        null,
        null,
        null,
        null,
        null,
        null,
        null,
        null,
        null,
        null,
        null,
        null,
        null,
        null,
        null,
        null,
        null,
        null,
        null,
        1,
        null,
        null,
        null,
        null,
        null,
        null,
        null,
        null,
        null,
        null,
        null,
        null,
        null,
        null,
        null,
        null,
        null,
        null,
        null,
        1,
        null,
        null,
        null,
        null,
        null,
        null,
        null,
        null,
        null,
        null,
        null,
        null,
        null,
        null,
        null,
        null,
        null,
        null,
        null,
        null,
        null,
        1,
        null,
        null,
        null,
        null,
        null,
        null,
        null,
        null,
        null,
        null,
        null,
        null,
        null,
        null,
        null,
        null,
        null,
        null,
        null,
        null,
        null,
        null,
        null,
        null,
        null,
        null,
        null,
        null,
        null
      ],
      "/Users/iD/Projects/Makers/Week8/acebook-byte4/config/initializers/filter_parameter_logging.rb": [
        null,
        null,
        null,
        1
      ],
      "/Users/iD/Projects/Makers/Week8/acebook-byte4/config/initializers/inflections.rb": [
        null,
        null,
        null,
        null,
        null,
        null,
        null,
        null,
        null,
        null,
        null,
        null,
        null,
        null,
        null,
        null
      ],
      "/Users/iD/Projects/Makers/Week8/acebook-byte4/config/initializers/mime_types.rb": [
        null,
        null,
        null,
        null
      ],
      "/Users/iD/Projects/Makers/Week8/acebook-byte4/config/initializers/wrap_parameters.rb": [
        null,
        null,
        null,
        null,
        null,
        null,
        1,
        2,
        null,
        null,
        null,
        null,
        null,
        null
      ],
      "/Users/iD/Projects/Makers/Week8/acebook-byte4/spec/factories/comments.rb": [
        1,
        1,
        1,
        1,
        1,
        null,
        null
      ],
      "/Users/iD/Projects/Makers/Week8/acebook-byte4/spec/factories/dislikes.rb": [
        1,
        1,
        null,
        null,
        null
      ],
      "/Users/iD/Projects/Makers/Week8/acebook-byte4/spec/factories/likes.rb": [
        1,
        1,
        null,
        null,
        null
      ],
      "/Users/iD/Projects/Makers/Week8/acebook-byte4/spec/factories/post.rb": [
        1,
        1,
        1,
        1,
        null,
        null
      ],
      "/Users/iD/Projects/Makers/Week8/acebook-byte4/spec/factories/user.rb": [
        1,
        1,
        1,
        1,
        1,
        1,
        null,
        null
      ],
      "/Users/iD/Projects/Makers/Week8/acebook-byte4/config/routes.rb": [
        1,
        1,
        1,
        1,
        null,
        null,
        null,
        null,
        null,
        null,
        null,
        1,
        1,
        1,
        null,
        null,
        1,
        1,
        null,
        null,
        1,
        1,
        1,
        1,
        null,
        null,
        null
      ],
      "/Users/iD/Projects/Makers/Week8/acebook-byte4/app/models/user.rb": [
        1,
        null,
        null,
        1,
        null,
        null,
        1,
        1,
        null,
        1,
        1,
        null
      ],
      "/Users/iD/Projects/Makers/Week8/acebook-byte4/app/models/application_record.rb": [
        1,
        1,
        null,
        null,
        null
      ],
      "/Users/iD/Projects/Makers/Week8/acebook-byte4/app/helpers/application_helper.rb": [
        1,
        1,
        2,
        null,
        null,
        1,
        1,
        null,
        null,
        1,
        0,
        null,
        null
      ],
      "/Users/iD/Projects/Makers/Week8/acebook-byte4/app/helpers/comments_helper.rb": [
        1,
        null
      ],
      "/Users/iD/Projects/Makers/Week8/acebook-byte4/app/helpers/dislikes_helper.rb": [
        1,
        null
      ],
      "/Users/iD/Projects/Makers/Week8/acebook-byte4/app/helpers/likes_helper.rb": [
        1,
        null
      ],
      "/Users/iD/Projects/Makers/Week8/acebook-byte4/spec/support/factory_bot.rb": [
        1,
        1,
        null
      ],
      "/Users/iD/Projects/Makers/Week8/acebook-byte4/app/controllers/comments_controller.rb": [
        1,
        null,
        1,
        null,
        1,
        3,
        3,
        null,
        3,
        3,
        null,
        0,
        null,
        null,
        null,
        1,
        1,
        null,
        1,
        1,
        null,
        null,
        1,
        null,
        1,
        3,
        null,
        null,
        1,
        4,
        null,
        null,
        null
      ],
      "/Users/iD/Projects/Makers/Week8/acebook-byte4/app/controllers/application_controller.rb": [
        1,
        1,
        1,
        null,
        null,
        null
      ],
      "/Users/iD/Projects/Makers/Week8/acebook-byte4/spec/controllers/dislikes_controller_spec.rb": [
        null,
        null,
        null,
        null,
        null,
        null,
        null,
        null,
        null,
        null,
        null,
        null,
        null,
        null,
        null,
        null,
        null,
        null,
        null,
        null,
        null,
        null,
        null,
        null,
        null,
        null,
        null,
        null,
        null,
        null,
        null,
        null,
        null,
        null,
        null,
        null,
        null,
        null,
        null,
        null,
        null,
        null,
        null,
        null,
        null,
        null,
        null,
        null,
        null,
        null,
        null,
        null,
        null,
        null,
        null,
        null,
        null,
        null,
        null,
        null,
        null,
        null,
        null,
        null,
        null,
        null,
        null,
        null,
        null,
        null,
        null,
        null,
        null,
        null,
        null,
        null,
        null,
        null,
        null,
        null,
        null,
        null,
        null,
        null,
        null,
        null,
        null,
        null,
        null,
        null,
        null,
        null,
        null,
        null,
        null,
        null,
        null,
        null,
        null,
        null,
        null,
        null,
        null,
        null,
        null,
        null,
        null,
        null,
        null,
        null,
        null,
        null,
        null,
        null,
        null,
        null,
        null,
        null,
        null,
        null,
        null,
        null,
        null,
        null,
        null,
        null,
        null,
        null,
        null,
        null,
        null,
        null,
        null,
        null
      ],
      "/Users/iD/Projects/Makers/Week8/acebook-byte4/spec/controllers/likes_controller_spec.rb": [
        null,
        null,
        null,
        null,
        null,
        null,
        null,
        null,
        null,
        null,
        null,
        null,
        null,
        null,
        null,
        null,
        null,
        null,
        null,
        null,
        null,
        null,
        null,
        null,
        null,
        null,
        null,
        null,
        null,
        null,
        null,
        null,
        null,
        null,
        null,
        null,
        null,
        null,
        null,
        null,
        null,
        null,
        null,
        null,
        null,
        null,
        null,
        null,
        null,
        null,
        null,
        null,
        null,
        null,
        null,
        null,
        null,
        null,
        null,
        null,
        null,
        null,
        null,
        null,
        null,
        null,
        null,
        null,
        null,
        null,
        null,
        null,
        null,
        null,
        null,
        null,
        null,
        null,
        null,
        null,
        null,
        null,
        null,
        null,
        null,
        null,
        null,
        null,
        null,
        null,
        null,
        null,
        null,
        null,
        null,
        null,
        null,
        null,
        null,
        null,
        null,
        null,
        null,
        null,
        null,
        null,
        null,
        null,
        null,
        null,
        null,
        null,
        null,
        null,
        null,
        null,
        null,
        null,
        null,
        null,
        null,
        null,
        null,
        null,
        null,
        null,
        null,
        null,
        null,
        null,
        null,
        null,
        null,
        null
      ],
      "/Users/iD/Projects/Makers/Week8/acebook-byte4/spec/controllers/posts_controller_spec.rb": [
        1,
        null,
        1,
        null,
        1,
        4,
        null,
        null,
        null,
        null,
        null,
        null,
        4,
        null,
        null,
        null,
        1,
        1,
        1,
        1,
        null,
        null,
        null,
        1,
        1,
        1,
        1,
        null,
        null,
        1,
        1,
        1,
        null,
        null,
        null,
        1,
        1,
        1,
        1,
        null,
        null,
        null
      ],
      "/Users/iD/Projects/Makers/Week8/acebook-byte4/app/controllers/posts_controller.rb": [
        1,
        1,
        1,
        null,
        1,
        4,
        null,
        null,
        1,
        5,
        5,
        null,
        null,
        1,
        37,
        37,
        null,
        null,
        1,
        null,
        1,
        1,
        null,
        1,
        1,
        1,
        null,
        0,
        0,
        null,
        null,
        null,
        1,
        1,
        1,
        1,
        1,
        null,
        null,
        null,
        1,
        null,
        1,
        6,
        null,
        null,
        1,
        3,
        null,
        null
      ],
      "/Users/iD/Projects/Makers/Week8/acebook-byte4/spec/features/creating_comments_spec.rb": [
        1,
        null,
        1,
        4,
        4,
        4,
        null,
        1,
        1,
        1,
        1,
        null,
        null,
        1,
        1,
        1,
        1,
        null,
        null,
        1,
        1,
        1,
        1,
        null,
        null,
        null,
        null
      ],
      "/Users/iD/Projects/Makers/Week8/acebook-byte4/spec/features/deleting_comment_spec.rb": [
        1,
        null,
        1,
        1,
        2,
        2,
        2,
        null,
        2,
        null,
        2,
        2,
        null,
        null,
        1,
        1,
        1,
        1,
        1,
        null,
        null,
        1,
        1,
        1,
        1,
        null,
        null
      ],
      "/Users/iD/Projects/Makers/Week8/acebook-byte4/spec/features/deleting_post_spec.rb": [
        1,
        null,
        1,
        1,
        1,
        1,
        null,
        1,
        null,
        null,
        1,
        1,
        null,
        1,
        1,
        null,
        null
      ],
      "/Users/iD/Projects/Makers/Week8/acebook-byte4/spec/features/editing_posts_spec.rb": [
        1,
        null,
        1,
        1,
        1,
        1,
        null,
        1,
        null,
        1,
        null,
        null,
        1,
        1,
        null,
        1,
        1,
        1,
        1,
        null,
        null
      ],
      "/Users/iD/Projects/Makers/Week8/acebook-byte4/spec/features/editing_user_details_spec.rb": [
        1,
        1,
        null,
        1,
        null,
        1,
        null,
        null,
        null,
        null,
        null,
        null,
        null,
        null,
        null,
        null,
        null,
        null,
        null,
        null,
        null,
        null
      ],
      "/Users/iD/Projects/Makers/Week8/acebook-byte4/spec/features/showing_name_on_post_spec.rb": [
        1,
        null,
        1,
        null,
        2,
        null,
        1,
        1,
        1,
        1,
        1,
        1,
        1,
        null,
        null
      ],
      "/Users/iD/Projects/Makers/Week8/acebook-byte4/spec/features/sign_in_spec.rb": [
        1,
        null,
        1,
        2,
        null,
        1,
        1,
        1,
        1,
        null,
        null,
        null
      ],
      "/Users/iD/Projects/Makers/Week8/acebook-byte4/spec/features/sign_up_spec.rb": [
        1,
        null,
        1,
        2,
        null,
        1,
        1,
        1,
        1,
        1,
        1,
        1,
        null,
        1,
        null,
        null,
        null,
        null
      ],
      "/Users/iD/Projects/Makers/Week8/acebook-byte4/spec/features/user_can_dislike_spec.rb": [
        1,
        1,
        null,
        1,
        null,
        3,
        3,
        null,
        1,
        1,
        1,
        1,
        1,
        null,
        null,
        null,
        null,
        1,
        1,
        1,
        1,
        1,
        1,
        null,
        null,
        null,
        null,
        null
      ],
      "/Users/iD/Projects/Makers/Week8/acebook-byte4/spec/features/user_can_like_spec.rb": [
        1,
        1,
        null,
        1,
        null,
        3,
        3,
        null,
        1,
        1,
        1,
        1,
        null,
        1,
        null,
        null,
        1,
        1,
        1,
        1,
        1,
        1,
        null,
        null,
        null
      ],
      "/Users/iD/Projects/Makers/Week8/acebook-byte4/spec/features/user_can_see_posts_without_logging_in_spec.rb": [
        1,
        null,
        1,
        null,
        1,
        1,
        1,
        1,
        null,
        null
      ],
      "/Users/iD/Projects/Makers/Week8/acebook-byte4/spec/features/user_can_submit_posts_spec.rb": [
        1,
        1,
        null,
        1,
        null,
        3,
        null,
        1,
        1,
        1,
        1,
        1,
        1,
        1,
        null,
        null,
        1,
        1,
        1,
        1,
        1,
        null,
        1,
        1,
        1,
        null,
        null,
        null,
        null
      ],
      "/Users/iD/Projects/Makers/Week8/acebook-byte4/spec/helpers/comments_helper_spec.rb": [
        1,
        null,
        null,
        null,
        null,
        null,
        null,
        null,
        null,
        null,
        null,
        null,
        1,
        null,
        null
      ],
      "/Users/iD/Projects/Makers/Week8/acebook-byte4/spec/helpers/dislikes_helper_spec.rb": [
        1,
        null,
        null,
        null,
        null,
        null,
        null,
        null,
        null,
        null,
        null,
        null,
        1,
        null,
        null
      ],
      "/Users/iD/Projects/Makers/Week8/acebook-byte4/spec/helpers/likes_helper_spec.rb": [
        1,
        null,
        null,
        null,
        null,
        null,
        null,
        null,
        null,
        null,
        null,
        null,
        1,
        null,
        null
      ],
      "/Users/iD/Projects/Makers/Week8/acebook-byte4/spec/models/comment_spec.rb": [
        1,
        null,
        1,
        null,
        null
      ],
      "/Users/iD/Projects/Makers/Week8/acebook-byte4/app/models/comment.rb": [
        1,
        1,
        1,
        null
      ],
      "/Users/iD/Projects/Makers/Week8/acebook-byte4/spec/models/dislike_spec.rb": [
        1,
        null,
        1,
        null,
        null
      ],
      "/Users/iD/Projects/Makers/Week8/acebook-byte4/app/models/dislike.rb": [
        1,
        1,
        1,
        null
      ],
      "/Users/iD/Projects/Makers/Week8/acebook-byte4/spec/models/like_spec.rb": [
        1,
        null,
        1,
        null,
        null
      ],
      "/Users/iD/Projects/Makers/Week8/acebook-byte4/app/models/like.rb": [
        1,
        1,
        1,
        null
      ],
      "/Users/iD/Projects/Makers/Week8/acebook-byte4/spec/models/post_spec.rb": [
        1,
        null,
        1,
        null,
        null
      ],
      "/Users/iD/Projects/Makers/Week8/acebook-byte4/app/models/post.rb": [
        1,
        1,
        null,
        1,
        1,
        1,
        null
      ],
      "/Users/iD/Projects/Makers/Week8/acebook-byte4/spec/models/user_spec.rb": [
        1,
        null,
        1,
        null,
        null
      ],
      "/Users/iD/Projects/Makers/Week8/acebook-byte4/spec/routing/dislikes_routing_spec.rb": [
        1,
        null,
        1,
        1,
        null,
        1,
        1,
        null,
        null,
        1,
        1,
        null,
        null,
        1,
        1,
        null,
        null,
        1,
        1,
        null,
        null,
        1,
        1,
        null,
        null,
        1,
        1,
        null,
        null,
        1,
        1,
        null,
        null,
        1,
        1,
        null,
        null,
        null,
        null
      ],
      "/Users/iD/Projects/Makers/Week8/acebook-byte4/app/controllers/dislikes_controller.rb": [
        1,
        1,
        null,
        null,
        null,
        1,
        3,
        3,
        2,
        null,
        1,
        null,
        3,
        null,
        null,
        null,
        null
      ],
      "/Users/iD/Projects/Makers/Week8/acebook-byte4/spec/routing/likes_routing_spec.rb": [
        1,
        null,
        1,
        1,
        null,
        1,
        1,
        null,
        null,
        1,
        1,
        null,
        null,
        1,
        1,
        null,
        null,
        1,
        1,
        null,
        null,
        1,
        1,
        null,
        null,
        1,
        1,
        null,
        null,
        1,
        1,
        null,
        null,
        1,
        1,
        null,
        null,
        null,
        null
      ],
      "/Users/iD/Projects/Makers/Week8/acebook-byte4/app/controllers/likes_controller.rb": [
        1,
        null,
        null,
        null,
        1,
        3,
        3,
        2,
        null,
        1,
        null,
        3,
        null,
        null,
        null,
        null
      ],
      "/Users/iD/Projects/Makers/Week8/acebook-byte4/app/controllers/users/sessions_controller.rb": [
        null,
        null,
        1,
        null,
        null,
        null,
        null,
        null,
        null,
        null,
        null,
        null,
        null,
        null,
        null,
        null,
        null,
        null,
        null,
        null,
        null,
        null,
        null,
        null,
        null,
        null,
        null
      ],
      "/Users/iD/Projects/Makers/Week8/acebook-byte4/app/controllers/users/registrations_controller.rb": [
        null,
        null,
        1,
        1,
        1,
        null,
        null,
        1,
        1,
        null,
        null,
        null,
        null,
        null,
        null,
        null,
        null,
        1,
        0,
        null,
        null,
        null,
        1,
        0,
        null,
        null,
        null,
        null,
        null,
        null,
        null,
        null,
        null,
        null,
        null,
        null,
        null,
        null,
        null,
        null,
        null,
        null,
        null,
        1,
        1,
        null,
        null,
        null,
        null,
        1,
        0,
        null,
        null,
        null,
        null,
        null,
        null,
        null,
        null,
        null,
        null,
        null,
        null,
        null,
        null
      ]
    },
    "timestamp": 1524165120
  }
}
